#
# A fatal error has been detected by the Java Runtime Environment:
#
#  EXCEPTION_ACCESS_VIOLATION (0xc0000005) at pc=0x000007fe60220038, pid=10080, tid=4448
#
# JRE version: Java(TM) SE Runtime Environment (8.0_45-b15) (build 1.8.0_45-b15)
# Java VM: Java HotSpot(TM) 64-Bit Server VM (25.45-b02 mixed mode windows-amd64 compressed oops)
# Problematic frame:
# C  0x000007fe60220038
#
# Failed to write core dump. Minidumps are not enabled by default on client versions of Windows
#
# If you would like to submit a bug report, please visit:
#   http://bugreport.java.com/bugreport/crash.jsp
# The crash happened outside the Java Virtual Machine in native code.
# See problematic frame for where to report the bug.
#

---------------  T H R E A D  ---------------

Current thread (0x0000000059480000):  JavaThread "J3D-Renderer-1" [_thread_in_native, id=4448, stack(0x000000005ef80000,0x000000005f080000)]

siginfo: ExceptionCode=0xc0000005, reading address 0xffffffffffffffff

Registers:
RAX=0x0000000000000000, RBX=0x000007fee01d0000, RCX=0x0000000019013743, RDX=0x0000000000000003
RSP=0x000000005f07ed08, RBP=0x000000005f07ede0, RSI=0x0000000019013743, RDI=0x0000000000000000
R8 =0x000000005f07c098, R9 =0x000000005f07c250, R10=0x0000000000000000, R11=0x000000005f07e7b0
R12=0x0000000000000000, R13=0x00000000822885f8, R14=0x00000000168d54b0, R15=0x0000000059480000
RIP=0x000007fe60220038, EFLAGS=0x0000000000010206

Top of Stack: (sp=0x000000005f07ed08)
0x000000005f07ed08:   000007fefdef9df3 000007fee01d0000
0x000000005f07ed18:   000007fee020aaa0 0000000019013743
0x000000005f07ed28:   0000000060106d20 0000000000000000
0x000000005f07ed38:   0000000001c91f6f 0000000082294c30
0x000000005f07ed48:   0000000019013743 0000000000000000
0x000000005f07ed58:   0000000000000001 000000005f07ee09
0x000000005f07ed68:   0000000002c32ed7 0000000059480000
0x000000005f07ed78:   0000000000000000 00000000594526f8
0x000000005f07ed88:   000007fefd4c133c 0000000000000000
0x000000005f07ed98:   0000000019013743 0000000082294c30
0x000000005f07eda8:   000000008226d5a8 0000000060106d20
0x000000005f07edb8:   0000000000000001 0000000082294c30
0x000000005f07edc8:   0000000016a0da58 0000000082294c30
0x000000005f07edd8:   0000000000000000 00000000dc567270
0x000000005f07ede8:   0000000002bfbc04 0000000000000000
0x000000005f07edf8:   000000006fc0ac32 00000000587708f8 

Instructions: (pc=0x000007fe60220038)
0x000007fe60220018:   00 00 00 00 00 00 00 00 00 00 00 00 00 00 00 00
0x000007fe60220028:   00 00 00 00 00 00 00 00 00 00 00 00 00 00 00 00
0x000007fe60220038:   ff 25 00 00 00 00 90 74 e9 63 aa fe 7f 00 00 00
0x000007fe60220048:   00 00 00 00 00 00 00 00 00 00 00 00 00 00 00 00 


Register to memory mapping:

RAX=0x0000000000000000 is an unknown value
RBX=0x000007fee01d0000 is an unknown value
RCX=0x0000000019013743 is an unknown value
RDX=0x0000000000000003 is an unknown value
RSP=0x000000005f07ed08 is pointing into the stack for thread: 0x0000000059480000
RBP=0x000000005f07ede0 is pointing into the stack for thread: 0x0000000059480000
RSI=0x0000000019013743 is an unknown value
RDI=0x0000000000000000 is an unknown value
R8 =0x000000005f07c098 is pointing into the stack for thread: 0x0000000059480000
R9 =0x000000005f07c250 is pointing into the stack for thread: 0x0000000059480000
R10=0x0000000000000000 is an unknown value
R11=0x000000005f07e7b0 is pointing into the stack for thread: 0x0000000059480000
R12=0x0000000000000000 is an unknown value
R13=0x00000000822885f8 is an oop
javax.media.j3d.DrawingSurfaceObjectAWT 
 - klass: 'javax/media/j3d/DrawingSurfaceObjectAWT'
R14=0x00000000168d54b0 is pointing into metadata
R15=0x0000000059480000 is a thread


Stack: [0x000000005ef80000,0x000000005f080000],  sp=0x000000005f07ed08,  free space=1019k
Native frames: (J=compiled Java code, j=interpreted, Vv=VM code, C=native code)
C  0x000007fe60220038

Java frames: (J=compiled Java code, j=interpreted, Vv=VM code)
J 1716  javax.media.j3d.NativePipeline.swapBuffers(Ljavax/media/j3d/Canvas3D;JJJ)I (0 bytes) @ 0x0000000002c32e59 [0x0000000002c32e00+0x59]
J 1627 C1 javax.media.j3d.NativePipeline.swapBuffers(Ljavax/media/j3d/Canvas3D;Ljavax/media/j3d/Context;JLjavax/media/j3d/Drawable;)I (18 bytes) @ 0x0000000002bfbc04 [0x0000000002bfb800+0x404]
J 1626 C1 javax.media.j3d.Canvas3D.swapBuffers(Ljavax/media/j3d/Context;JLjavax/media/j3d/Drawable;)I (12 bytes) @ 0x0000000002bfc374 [0x0000000002bfc200+0x174]
J 1592 C2 javax.media.j3d.Renderer.doWork(J)V (6488 bytes) @ 0x0000000002bcc250 [0x0000000002bcbf20+0x330]
J 1771% C2 javax.media.j3d.J3dThread.run()V (37 bytes) @ 0x0000000002c669f4 [0x0000000002c66920+0xd4]
v  ~StubRoutines::call_stub

---------------  P R O C E S S  ---------------

Java Threads: ( => current thread )
  0x0000000058a62800 JavaThread "J3D-InputDeviceScheduler-1" [_thread_blocked, id=10024, stack(0x0000000063ea0000,0x0000000063fa0000)]
  0x0000000058a61800 JavaThread "J3D-SoundSchedulerUpdateThread-1" [_thread_blocked, id=6536, stack(0x0000000063d90000,0x0000000063e90000)]
  0x0000000058a61000 JavaThread "J3D-RenderStructureUpdateThread-1" [_thread_blocked, id=5552, stack(0x0000000063c00000,0x0000000063d00000)]
  0x0000000058a60000 JavaThread "J3D-BehaviorScheduler-1" [_thread_blocked, id=9032, stack(0x0000000063b00000,0x0000000063c00000)]
  0x0000000058a5f800 JavaThread "J3D-TransformStructureUpdateThread-1" [_thread_blocked, id=2376, stack(0x0000000062950000,0x0000000062a50000)]
  0x0000000058a5e800 JavaThread "J3D-RenderingEnvironmentStructureUpdateThread-1" [_thread_blocked, id=10216, stack(0x00000000638c0000,0x00000000639c0000)]
  0x0000000058a5e000 JavaThread "J3D-SoundStructureUpdateThread-1" [_thread_blocked, id=6924, stack(0x00000000636e0000,0x00000000637e0000)]
  0x0000000058a5d000 JavaThread "J3D-GeometryStructureUpdateThread-1" [_thread_blocked, id=1408, stack(0x00000000635c0000,0x00000000636c0000)]
  0x0000000059790800 JavaThread "J3D-BehaviorStructureUpdateThread-1" [_thread_blocked, id=5772, stack(0x0000000062a60000,0x0000000062b60000)]
  0x0000000059781800 JavaThread "D3D Screen Updater" daemon [_thread_blocked, id=1000, stack(0x0000000062810000,0x0000000062910000)]
  0x0000000001f8f000 JavaThread "DestroyJavaVM" [_thread_blocked, id=3392, stack(0x0000000002140000,0x0000000002240000)]
  0x0000000059640800 JavaThread "AWT-EventQueue-0" [_thread_blocked, id=6868, stack(0x000000005e1c0000,0x000000005e2c0000)]
  0x000000005963d000 JavaThread "AWT-Shutdown" [_thread_blocked, id=9872, stack(0x0000000059de0000,0x0000000059ee0000)]
=>0x0000000059480000 JavaThread "J3D-Renderer-1" [_thread_in_native, id=4448, stack(0x000000005ef80000,0x000000005f080000)]
  0x00000000595a0000 JavaThread "J3D-MasterControl-1" [_thread_blocked, id=9300, stack(0x000000005ede0000,0x000000005eee0000)]
  0x000000005959f000 JavaThread "J3D-NotificationThread" [_thread_blocked, id=5076, stack(0x000000005ec90000,0x000000005ed90000)]
  0x000000005942a800 JavaThread "J3D-TimerThread" [_thread_blocked, id=6716, stack(0x000000005e650000,0x000000005e750000)]
  0x00000000595ca800 JavaThread "J3D-RenderingAttributesStructureUpdateThread" [_thread_blocked, id=6524, stack(0x000000005eaa0000,0x000000005eba0000)]
  0x0000000059425000 JavaThread "AWT-Windows" daemon [_thread_in_native, id=1508, stack(0x0000000059f40000,0x000000005a040000)]
  0x0000000059423800 JavaThread "Java2D Disposer" daemon [_thread_blocked, id=7172, stack(0x0000000059c50000,0x0000000059d50000)]
  0x000000005874b800 JavaThread "Service Thread" daemon [_thread_blocked, id=6932, stack(0x0000000058fa0000,0x00000000590a0000)]
  0x00000000586ea800 JavaThread "C1 CompilerThread2" daemon [_thread_blocked, id=5112, stack(0x00000000590b0000,0x00000000591b0000)]
  0x00000000586e9000 JavaThread "C2 CompilerThread1" daemon [_thread_blocked, id=2592, stack(0x0000000058e90000,0x0000000058f90000)]
  0x00000000586e1000 JavaThread "C2 CompilerThread0" daemon [_thread_blocked, id=1628, stack(0x0000000058d00000,0x0000000058e00000)]
  0x00000000586e0800 JavaThread "Attach Listener" daemon [_thread_blocked, id=6136, stack(0x0000000058b30000,0x0000000058c30000)]
  0x0000000057234800 JavaThread "Signal Dispatcher" daemon [_thread_blocked, id=8788, stack(0x00000000584b0000,0x00000000585b0000)]
  0x00000000571da800 JavaThread "Finalizer" daemon [_thread_blocked, id=6496, stack(0x00000000585e0000,0x00000000586e0000)]
  0x00000000571d3800 JavaThread "Reference Handler" daemon [_thread_blocked, id=4040, stack(0x0000000058120000,0x0000000058220000)]

Other Threads:
  0x00000000571ce000 VMThread [stack: 0x0000000058310000,0x0000000058410000] [id=5024]
  0x000000005874f800 WatcherThread [stack: 0x0000000059250000,0x0000000059350000] [id=9404]

VM state:not at safepoint (normal execution)

VM Mutex/Monitor currently owned by a thread: None

Heap:
 PSYoungGen      total 138240K, used 120896K [0x00000000d5800000, 0x00000000e7500000, 0x0000000100000000)
  eden space 133120K, 90% used [0x00000000d5800000,0x00000000dce10120,0x00000000dda00000)
  from space 5120K, 0% used [0x00000000dda00000,0x00000000dda00000,0x00000000ddf00000)
  to   space 33792K, 0% used [0x00000000e5400000,0x00000000e5400000,0x00000000e7500000)
 ParOldGen       total 184320K, used 64281K [0x0000000080800000, 0x000000008bc00000, 0x00000000d5800000)
  object space 184320K, 34% used [0x0000000080800000,0x00000000846c64a8,0x000000008bc00000)
 Metaspace       used 16297K, capacity 16598K, committed 16768K, reserved 1064960K
  class space    used 1790K, capacity 1905K, committed 1920K, reserved 1048576K

Card table byte_map: [0x00000000118d0000,0x0000000011cd0000] byte_map_base: 0x00000000114cc000

Marking Bits: (ParMarkBitMap*) 0x0000000070294040
 Begin Bits: [0x0000000012480000, 0x0000000014460000)
 End Bits:   [0x0000000014460000, 0x0000000016440000)

Polling page: 0x0000000000210000

CodeCache: size=245760Kb used=7572Kb max_used=7639Kb free=238187Kb
 bounds [0x0000000002510000, 0x0000000002ca0000, 0x0000000011510000]
 total_blobs=2400 nmethods=1748 adapters=566
 compilation: enabled

Compilation events (10 events):
Event: 9.707 Thread 0x00000000586e1000 1786       4       javax.media.j3d.WakeupOnElapsedFrames::newFrame (25 bytes)
Event: 9.708 Thread 0x00000000586e9000 1787  s    4       javax.media.j3d.BehaviorRetained::updateTransformRegion (102 bytes)
Event: 9.713 Thread 0x00000000586e1000 nmethod 1786 0x000000000261b650 code [0x000000000261b7c0, 0x000000000261bd58]
Event: 9.713 Thread 0x00000000586ea800 1788       3       java.security.AccessControlContext::combine (205 bytes)
Event: 9.713 Thread 0x00000000586ea800 nmethod 1788 0x0000000002620210 code [0x0000000002620400, 0x0000000002620ed8]
Event: 9.713 Thread 0x00000000586ea800 1789       3       java.util.IdentityHashMap::isEmpty (13 bytes)
Event: 9.714 Thread 0x00000000586ea800 nmethod 1789 0x0000000002616190 code [0x00000000026162e0, 0x0000000002616490]
Event: 9.714 Thread 0x00000000586e9000 nmethod 1787 0x0000000002681cd0 code [0x0000000002681e60, 0x00000000026825a8]
Event: 9.718 Thread 0x00000000586ea800 1790       3       sun.awt.AWTAutoShutdown::isReadyToShutdown (37 bytes)
Event: 9.718 Thread 0x00000000586ea800 nmethod 1790 0x000000000262d090 code [0x000000000262d220, 0x000000000262d5d8]

GC Heap History (10 events):
Event: 1.775 GC heap before
{Heap before GC invocations=3 (full 0):
 PSYoungGen      total 71680K, used 64478K [0x00000000d5800000, 0x00000000da300000, 0x0000000100000000)
  eden space 66560K, 93% used [0x00000000d5800000,0x00000000d94cb9f8,0x00000000d9900000)
  from space 5120K, 43% used [0x00000000d9e00000,0x00000000da02c010,0x00000000da300000)
  to   space 5120K, 0% used [0x00000000d9900000,0x00000000d9900000,0x00000000d9e00000)
 ParOldGen       total 87552K, used 25091K [0x0000000080800000, 0x0000000085d80000, 0x00000000d5800000)
  object space 87552K, 28% used [0x0000000080800000,0x0000000082080c40,0x0000000085d80000)
 Metaspace       used 11695K, capacity 11966K, committed 12160K, reserved 1060864K
  class space    used 1238K, capacity 1344K, committed 1408K, reserved 1048576K
Event: 1.812 GC heap after
Heap after GC invocations=3 (full 0):
 PSYoungGen      total 71680K, used 2240K [0x00000000d5800000, 0x00000000de400000, 0x0000000100000000)
  eden space 66560K, 0% used [0x00000000d5800000,0x00000000d5800000,0x00000000d9900000)
  from space 5120K, 43% used [0x00000000d9900000,0x00000000d9b30020,0x00000000d9e00000)
  to   space 5120K, 0% used [0x00000000ddf00000,0x00000000ddf00000,0x00000000de400000)
 ParOldGen       total 87552K, used 49675K [0x0000000080800000, 0x0000000085d80000, 0x00000000d5800000)
  object space 87552K, 56% used [0x0000000080800000,0x0000000083882c80,0x0000000085d80000)
 Metaspace       used 11695K, capacity 11966K, committed 12160K, reserved 1060864K
  class space    used 1238K, capacity 1344K, committed 1408K, reserved 1048576K
}
Event: 2.159 GC heap before
{Heap before GC invocations=4 (full 0):
 PSYoungGen      total 71680K, used 65537K [0x00000000d5800000, 0x00000000de400000, 0x0000000100000000)
  eden space 66560K, 95% used [0x00000000d5800000,0x00000000d95d07c0,0x00000000d9900000)
  from space 5120K, 43% used [0x00000000d9900000,0x00000000d9b30020,0x00000000d9e00000)
  to   space 5120K, 0% used [0x00000000ddf00000,0x00000000ddf00000,0x00000000de400000)
 ParOldGen       total 87552K, used 49675K [0x0000000080800000, 0x0000000085d80000, 0x00000000d5800000)
  object space 87552K, 56% used [0x0000000080800000,0x0000000083882c80,0x0000000085d80000)
 Metaspace       used 11793K, capacity 12030K, committed 12160K, reserved 1060864K
  class space    used 1242K, capacity 1344K, committed 1408K, reserved 1048576K
Event: 2.274 GC heap after
Heap after GC invocations=4 (full 0):
 PSYoungGen      total 138240K, used 3168K [0x00000000d5800000, 0x00000000de400000, 0x0000000100000000)
  eden space 133120K, 0% used [0x00000000d5800000,0x00000000d5800000,0x00000000dda00000)
  from space 5120K, 61% used [0x00000000ddf00000,0x00000000de218040,0x00000000de400000)
  to   space 5120K, 0% used [0x00000000dda00000,0x00000000dda00000,0x00000000ddf00000)
 ParOldGen       total 99840K, used 98413K [0x0000000080800000, 0x0000000086980000, 0x00000000d5800000)
  object space 99840K, 98% used [0x0000000080800000,0x000000008681b4d0,0x0000000086980000)
 Metaspace       used 11793K, capacity 12030K, committed 12160K, reserved 1060864K
  class space    used 1242K, capacity 1344K, committed 1408K, reserved 1048576K
}
Event: 2.274 GC heap before
{Heap before GC invocations=5 (full 1):
 PSYoungGen      total 138240K, used 3168K [0x00000000d5800000, 0x00000000de400000, 0x0000000100000000)
  eden space 133120K, 0% used [0x00000000d5800000,0x00000000d5800000,0x00000000dda00000)
  from space 5120K, 61% used [0x00000000ddf00000,0x00000000de218040,0x00000000de400000)
  to   space 5120K, 0% used [0x00000000dda00000,0x00000000dda00000,0x00000000ddf00000)
 ParOldGen       total 99840K, used 98413K [0x0000000080800000, 0x0000000086980000, 0x00000000d5800000)
  object space 99840K, 98% used [0x0000000080800000,0x000000008681b4d0,0x0000000086980000)
 Metaspace       used 11793K, capacity 12030K, committed 12160K, reserved 1060864K
  class space    used 1242K, capacity 1344K, committed 1408K, reserved 1048576K
Event: 2.372 GC heap after
Heap after GC invocations=5 (full 1):
 PSYoungGen      total 138240K, used 0K [0x00000000d5800000, 0x00000000de400000, 0x0000000100000000)
  eden space 133120K, 0% used [0x00000000d5800000,0x00000000d5800000,0x00000000dda00000)
  from space 5120K, 0% used [0x00000000ddf00000,0x00000000ddf00000,0x00000000de400000)
  to   space 5120K, 0% used [0x00000000dda00000,0x00000000dda00000,0x00000000ddf00000)
 ParOldGen       total 136704K, used 41812K [0x0000000080800000, 0x0000000088d80000, 0x00000000d5800000)
  object space 136704K, 30% used [0x0000000080800000,0x00000000830d5028,0x0000000088d80000)
 Metaspace       used 11793K, capacity 12030K, committed 12160K, reserved 1060864K
  class space    used 1242K, capacity 1344K, committed 1408K, reserved 1048576K
}
Event: 3.033 GC heap before
{Heap before GC invocations=6 (full 1):
 PSYoungGen      total 138240K, used 133120K [0x00000000d5800000, 0x00000000de400000, 0x0000000100000000)
  eden space 133120K, 100% used [0x00000000d5800000,0x00000000dda00000,0x00000000dda00000)
  from space 5120K, 0% used [0x00000000ddf00000,0x00000000ddf00000,0x00000000de400000)
  to   space 5120K, 0% used [0x00000000dda00000,0x00000000dda00000,0x00000000ddf00000)
 ParOldGen       total 136704K, used 41812K [0x0000000080800000, 0x0000000088d80000, 0x00000000d5800000)
  object space 136704K, 30% used [0x0000000080800000,0x00000000830d5028,0x0000000088d80000)
 Metaspace       used 11955K, capacity 12158K, committed 12416K, reserved 1060864K
  class space    used 1252K, capacity 1344K, committed 1408K, reserved 1048576K
Event: 3.054 GC heap after
Heap after GC invocations=6 (full 1):
 PSYoungGen      total 138240K, used 5105K [0x00000000d5800000, 0x00000000e7500000, 0x0000000100000000)
  eden space 133120K, 0% used [0x00000000d5800000,0x00000000d5800000,0x00000000dda00000)
  from space 5120K, 99% used [0x00000000dda00000,0x00000000ddefc7b0,0x00000000ddf00000)
  to   space 33792K, 0% used [0x00000000e5400000,0x00000000e5400000,0x00000000e7500000)
 ParOldGen       total 136704K, used 83677K [0x0000000080800000, 0x0000000088d80000, 0x00000000d5800000)
  object space 136704K, 61% used [0x0000000080800000,0x00000000859b74b0,0x0000000088d80000)
 Metaspace       used 11955K, capacity 12158K, committed 12416K, reserved 1060864K
  class space    used 1252K, capacity 1344K, committed 1408K, reserved 1048576K
}
Event: 3.054 GC heap before
{Heap before GC invocations=7 (full 2):
 PSYoungGen      total 138240K, used 5105K [0x00000000d5800000, 0x00000000e7500000, 0x0000000100000000)
  eden space 133120K, 0% used [0x00000000d5800000,0x00000000d5800000,0x00000000dda00000)
  from space 5120K, 99% used [0x00000000dda00000,0x00000000ddefc7b0,0x00000000ddf00000)
  to   space 33792K, 0% used [0x00000000e5400000,0x00000000e5400000,0x00000000e7500000)
 ParOldGen       total 136704K, used 83677K [0x0000000080800000, 0x0000000088d80000, 0x00000000d5800000)
  object space 136704K, 61% used [0x0000000080800000,0x00000000859b74b0,0x0000000088d80000)
 Metaspace       used 11955K, capacity 12158K, committed 12416K, reserved 1060864K
  class space    used 1252K, capacity 1344K, committed 1408K, reserved 1048576K
Event: 3.131 GC heap after
Heap after GC invocations=7 (full 2):
 PSYoungGen      total 138240K, used 0K [0x00000000d5800000, 0x00000000e7500000, 0x0000000100000000)
  eden space 133120K, 0% used [0x00000000d5800000,0x00000000d5800000,0x00000000dda00000)
  from space 5120K, 0% used [0x00000000dda00000,0x00000000dda00000,0x00000000ddf00000)
  to   space 33792K, 0% used [0x00000000e5400000,0x00000000e5400000,0x00000000e7500000)
 ParOldGen       total 184320K, used 64281K [0x0000000080800000, 0x000000008bc00000, 0x00000000d5800000)
  object space 184320K, 34% used [0x0000000080800000,0x00000000846c64a8,0x000000008bc00000)
 Metaspace       used 11955K, capacity 12158K, committed 12416K, reserved 1060864K
  class space    used 1252K, capacity 1344K, committed 1408K, reserved 1048576K
}

Deoptimization events (10 events):
Event: 8.529 Thread 0x0000000058a5f800 Uncommon trap: reason=unstable_if action=reinterpret pc=0x0000000002c519ac method=javax.media.j3d.BoundingBox.transform(Ljavax/media/j3d/Transform3D;)V @ 592
Event: 8.568 Thread 0x0000000059790800 Uncommon trap: reason=unstable_if action=reinterpret pc=0x0000000002c61160 method=javax.media.j3d.Transform3D.getDistanceScale()D @ 125
Event: 8.570 Thread 0x0000000059790800 Uncommon trap: reason=unstable_if action=reinterpret pc=0x0000000002c0df3c method=javax.media.j3d.Transform3D.getDistanceScale()D @ 125
Event: 8.574 Thread 0x0000000059790800 Uncommon trap: reason=unstable_if action=reinterpret pc=0x0000000002c08b58 method=javax.media.j3d.Transform3D.getDistanceScale()D @ 125
Event: 8.584 Thread 0x0000000059790800 Uncommon trap: reason=unstable_if action=reinterpret pc=0x0000000002c0be7c method=javax.media.j3d.Transform3D.getDistanceScale()D @ 125
Event: 9.663 Thread 0x0000000058a60000 Uncommon trap: reason=class_check action=maybe_recompile pc=0x0000000002bf9b2c method=javax.media.j3d.WakeupCriteriaEnumerator.reset(Ljavax/media/j3d/WakeupCondition;I)V @ 11
Event: 9.663 Thread 0x0000000058a60000 Uncommon trap: reason=unstable_if action=reinterpret pc=0x0000000002c05bb4 method=javax.media.j3d.BehaviorRetained.handleLastWakeupOn(Ljavax/media/j3d/WakeupCondition;Ljavax/media/j3d/BehaviorStructure;)V @ 16
Event: 9.664 Thread 0x0000000058a60000 Uncommon trap: reason=unstable_if action=reinterpret pc=0x0000000002630b24 method=javax.media.j3d.WakeupIndexedList.toArray(Z)[Ljava/lang/Object; @ 8
Event: 9.664 Thread 0x00000000595a0000 Uncommon trap: reason=unstable_if action=reinterpret pc=0x0000000002c5d7a0 method=javax.media.j3d.WakeupIndexedList.toArray(Z)[Ljava/lang/Object; @ 8
Event: 9.667 Thread 0x0000000058a60000 Uncommon trap: reason=unstable_if action=reinterpret pc=0x0000000002bf9b5c method=javax.media.j3d.WakeupCriteriaEnumerator.reset(Ljavax/media/j3d/WakeupCondition;I)V @ 27

Internal exceptions (10 events):
Event: 0.265 Thread 0x0000000001f8f000 Exception <a 'java/security/PrivilegedActionException'> (0x00000000d5d499f8) thrown at [C:\re\workspace\8-2-build-windows-amd64-cygwin\jdk8u45\3627\hotspot\src\share\vm\prims\jvm.cpp, line 1382]
Event: 0.269 Thread 0x0000000001f8f000 Exception <a 'java/io/FileNotFoundException'> (0x00000000d5d4cdc8) thrown at [C:\re\workspace\8-2-build-windows-amd64-cygwin\jdk8u45\3627\hotspot\src\share\vm\prims\jni.cpp, line 709]
Event: 0.421 Thread 0x0000000001f8f000 Exception <a 'java/lang/NoSuchFieldError': method resolution failed> (0x00000000d5f617e0) thrown at [C:\re\workspace\8-2-build-windows-amd64-cygwin\jdk8u45\3627\hotspot\src\share\vm\prims\methodHandles.cpp, line 1125]
Event: 0.423 Thread 0x0000000001f8f000 Exception <a 'java/lang/NoSuchFieldError': method resolution failed> (0x00000000d5f701d8) thrown at [C:\re\workspace\8-2-build-windows-amd64-cygwin\jdk8u45\3627\hotspot\src\share\vm\prims\methodHandles.cpp, line 1125]
Event: 0.547 Thread 0x0000000001f8f000 Exception <a 'java/io/FileNotFoundException'> (0x00000000d63051d8) thrown at [C:\re\workspace\8-2-build-windows-amd64-cygwin\jdk8u45\3627\hotspot\src\share\vm\prims\jni.cpp, line 709]
Event: 1.629 Thread 0x0000000001f8f000 Implicit null exception at 0x00000000027cbf00 to 0x00000000027cc539
Event: 3.885 Thread 0x0000000001f8f000 Implicit null exception at 0x000000000276be46 to 0x000000000276c159
Event: 3.893 Thread 0x0000000001f8f000 Implicit null exception at 0x00000000028f9605 to 0x00000000028f982d
Event: 3.893 Thread 0x0000000001f8f000 Implicit null exception at 0x0000000002735dc8 to 0x0000000002735e56
Event: 9.667 Thread 0x0000000058a60000 Implicit null exception at 0x0000000002bf9a58 to 0x0000000002bf9b41

Events (10 events):
Event: 9.664 Thread 0x0000000058a60000 Uncommon trap: trap_request=0xffffff65 fr.pc=0x0000000002630b24
Event: 9.664 Thread 0x0000000058a60000 DEOPT PACKING pc=0x0000000002630b24 sp=0x0000000063bfef70
Event: 9.664 Thread 0x0000000058a60000 DEOPT UNPACKING pc=0x000000000255582a sp=0x0000000063bfef18 mode 2
Event: 9.664 Thread 0x00000000595a0000 Uncommon trap: trap_request=0xffffff65 fr.pc=0x0000000002c5d7a0
Event: 9.664 Thread 0x00000000595a0000 DEOPT PACKING pc=0x0000000002c5d7a0 sp=0x000000005eedf120
Event: 9.664 Thread 0x00000000595a0000 DEOPT UNPACKING pc=0x000000000255582a sp=0x000000005eedf098 mode 2
Event: 9.667 Thread 0x0000000058a60000 Uncommon trap: trap_request=0xffffff65 fr.pc=0x0000000002bf9b5c
Event: 9.667 Thread 0x0000000058a60000 DEOPT PACKING pc=0x0000000002bf9b5c sp=0x0000000063bfefd0
Event: 9.667 Thread 0x0000000058a60000 DEOPT UNPACKING pc=0x000000000255582a sp=0x0000000063bfef68 mode 2
Event: 9.681 Thread 0x00000000586ea800 flushing nmethod 0x00000000026d4410


Dynamic libraries:
0x000000013fdb0000 - 0x000000013fde7000 	C:\Program Files\Java\jdk18045\bin\java.exe
0x00000000776d0000 - 0x0000000077879000 	C:\Windows\SYSTEM32\ntdll.dll
0x00000000775b0000 - 0x00000000776cf000 	C:\Windows\system32\kernel32.dll
0x000007fefd4c0000 - 0x000007fefd52c000 	C:\Windows\system32\KERNELBASE.dll
0x000007fefdaa0000 - 0x000007fefdb7b000 	C:\Windows\system32\ADVAPI32.dll
0x000007fefe050000 - 0x000007fefe0ef000 	C:\Windows\system32\msvcrt.dll
0x000007fefe1c0000 - 0x000007fefe1df000 	C:\Windows\SYSTEM32\sechost.dll
0x000007fefdd70000 - 0x000007fefde9d000 	C:\Windows\system32\RPCRT4.dll
0x00000000774b0000 - 0x00000000775aa000 	C:\Windows\system32\USER32.dll
0x000007fefdec0000 - 0x000007fefdf27000 	C:\Windows\system32\GDI32.dll
0x000007fefe1e0000 - 0x000007fefe1ee000 	C:\Windows\system32\LPK.dll
0x000007fefe0f0000 - 0x000007fefe1ba000 	C:\Windows\system32\USP10.dll
0x000007fefc000000 - 0x000007fefc1f4000 	C:\Windows\WinSxS\amd64_microsoft.windows.common-controls_6595b64144ccf1df_6.0.7601.18837_none_fa3b1e3d17594757\COMCTL32.dll
0x000007fefdb80000 - 0x000007fefdbf1000 	C:\Windows\system32\SHLWAPI.dll
0x000007fefdf30000 - 0x000007fefdf5e000 	C:\Windows\system32\IMM32.DLL
0x000007fefdc00000 - 0x000007fefdd09000 	C:\Windows\system32\MSCTF.dll
0x0000000078a80000 - 0x0000000078b52000 	C:\Program Files\Java\jdk18045\jre\bin\msvcr100.dll
0x000000006fa90000 - 0x0000000070313000 	C:\Program Files\Java\jdk18045\jre\bin\server\jvm.dll
0x000007fef85a0000 - 0x000007fef85a9000 	C:\Windows\system32\WSOCK32.dll
0x000007fefdf60000 - 0x000007fefdfad000 	C:\Windows\system32\WS2_32.dll
0x000007fefe3d0000 - 0x000007fefe3d8000 	C:\Windows\system32\NSI.dll
0x000007fef7140000 - 0x000007fef717b000 	C:\Windows\system32\WINMM.dll
0x000007fefc540000 - 0x000007fefc54c000 	C:\Windows\system32\VERSION.dll
0x0000000077890000 - 0x0000000077897000 	C:\Windows\system32\PSAPI.DLL
0x00000000680b0000 - 0x00000000680bf000 	C:\Program Files\Java\jdk18045\jre\bin\verify.dll
0x000000006cf60000 - 0x000000006cf89000 	C:\Program Files\Java\jdk18045\jre\bin\java.dll
0x00000000709c0000 - 0x00000000709d6000 	C:\Program Files\Java\jdk18045\jre\bin\zip.dll
0x000007fefe3e0000 - 0x000007feff169000 	C:\Windows\system32\SHELL32.dll
0x000007feff480000 - 0x000007feff683000 	C:\Windows\system32\ole32.dll
0x000007fefd470000 - 0x000007fefd47f000 	C:\Windows\system32\profapi.dll
0x000000006cd70000 - 0x000000006cf08000 	C:\Program Files\Java\jdk18045\jre\bin\awt.dll
0x000007fefd9c0000 - 0x000007fefda97000 	C:\Windows\system32\OLEAUT32.dll
0x000007fefbc80000 - 0x000007fefbcd6000 	C:\Windows\system32\uxtheme.dll
0x0000000180000000 - 0x000000018006c000 	C:\Program Files (x86)\RivaTuner Statistics Server\RTSSHooks64.dll
0x0000000071d40000 - 0x0000000071de3000 	C:\Windows\WinSxS\amd64_microsoft.vc90.crt_1fc8b3b9a1e18e3b_9.0.30729.6161_none_08e61857a83bc251\MSVCR90.dll
0x000007fee2020000 - 0x000007fee204b000 	C:\PROGRA~2\RAPTRI~1\PlaysTV\ltc_help64-111387.dll
0x000007fefd530000 - 0x000007fefd56b000 	C:\Windows\system32\WINTRUST.dll
0x000007fefd6c0000 - 0x000007fefd82d000 	C:\Windows\system32\CRYPT32.dll
0x000007fefd480000 - 0x000007fefd48f000 	C:\Windows\system32\MSASN1.dll
0x000007fefc4f0000 - 0x000007fefc508000 	C:\Windows\system32\dwmapi.dll
0x000007fefd310000 - 0x000007fefd31f000 	C:\Windows\system32\CRYPTBASE.dll
0x00000000658b0000 - 0x00000000658b7000 	C:\Program Files\Java\jdk18045\jre\bin\jawt.dll
0x0000000001c90000 - 0x0000000001cce000 	C:\Program Files\Java\jdk18045\jre\bin\j3dcore-ogl.dll
0x000007fee01d0000 - 0x000007fee02ed000 	C:\Windows\system32\OPENGL32.dll
0x000007fee51a0000 - 0x000007fee51cd000 	C:\Windows\system32\GLU32.dll
0x000007fee2050000 - 0x000007fee2141000 	C:\Windows\system32\DDRAW.dll
0x000007fee4f90000 - 0x000007fee4f98000 	C:\Windows\system32\DCIMAN32.dll
0x000007fefe1f0000 - 0x000007fefe3c7000 	C:\Windows\system32\SETUPAPI.dll
0x000007fefd5c0000 - 0x000007fefd5f6000 	C:\Windows\system32\CFGMGR32.dll
0x000007fefd600000 - 0x000007fefd61a000 	C:\Windows\system32\DEVOBJ.dll
0x000007fef2590000 - 0x000007fef278f000 	C:\Windows\system32\d3d9.dll
0x000007fef2580000 - 0x000007fef2587000 	C:\Windows\system32\d3d8thk.dll
0x000007fef65a0000 - 0x000007fef6716000 	C:\Windows\system32\aticfx64.dll
0x000007fee12a0000 - 0x000007fee12c1000 	C:\Windows\system32\atiu9p64.dll
0x000007fece7c0000 - 0x000007fecf03b000 	C:\Windows\system32\atiumd64.dll
0x000000005a820000 - 0x000000005b16d000 	C:\Windows\system32\atiumd6a.dll
0x000007fefc510000 - 0x000007fefc53c000 	C:\Windows\system32\POWRPROF.dll
0x000007fee5180000 - 0x000007fee5198000 	C:\Windows\system32\atig6pxx.dll
0x00000000687f0000 - 0x000000006a593000 	C:\Windows\system32\atio6axx.dll
0x000007fef19d0000 - 0x000007fef1b18000 	C:\Windows\system32\atiadlxx.dll
0x000007fefbe80000 - 0x000007fefbfac000 	C:\Windows\system32\PROPSYS.dll
0x000007fefd590000 - 0x000007fefd5ae000 	C:\Windows\system32\USERENV.dll
0x000007fefc550000 - 0x000007fefc561000 	C:\Windows\system32\WTSAPI32.dll
0x000007fefaba0000 - 0x000007fefabc7000 	C:\Windows\system32\IPHLPAPI.DLL
0x000007fefab90000 - 0x000007fefab9b000 	C:\Windows\system32\WINNSI.DLL
0x000007fee1270000 - 0x000007fee129c000 	C:\Windows\system32\atig6txx.dll
0x000000006f6d0000 - 0x000000006f701000 	C:\Program Files\Java\jdk18045\jre\bin\jpeg.dll
0x000000006c7c0000 - 0x000000006c807000 	C:\Program Files\Java\jdk18045\jre\bin\fontmanager.dll
0x0000000001ef0000 - 0x0000000001f0a000 	C:\Program Files\Java\jdk18045\jre\bin\net.dll
0x000007fefcca0000 - 0x000007fefccf5000 	C:\Windows\system32\mswsock.dll
0x000007fefce30000 - 0x000007fefce37000 	C:\Windows\System32\wship6.dll
0x0000000001f30000 - 0x0000000001f41000 	C:\Program Files\Java\jdk18045\jre\bin\nio.dll
0x0000000070ac0000 - 0x0000000070b01000 	C:\Program Files\Java\jdk18045\jre\bin\t2k.dll
0x000007feff170000 - 0x000007feff209000 	C:\Windows\system32\CLBCatQ.DLL
0x000007fefcd40000 - 0x000007fefcd58000 	C:\Windows\system32\CRYPTSP.dll
0x000007fefc930000 - 0x000007fefc977000 	C:\Windows\system32\rsaenh.dll
0x000007fefdea0000 - 0x000007fefdeb9000 	C:\Windows\system32\imagehlp.dll
0x000007fefcdd0000 - 0x000007fefce20000 	C:\Windows\system32\ncrypt.dll
0x000007fefcd60000 - 0x000007fefcd82000 	C:\Windows\system32\bcrypt.dll
0x000007fefc890000 - 0x000007fefc8dc000 	C:\Windows\system32\bcryptprimitives.dll
0x000007fefc720000 - 0x000007fefc73b000 	C:\Windows\system32\GPAPI.dll
0x000007fef3b70000 - 0x000007fef3b97000 	C:\Windows\system32\cryptnet.dll
0x000007fefdd10000 - 0x000007fefdd62000 	C:\Windows\system32\WLDAP32.dll
0x000007fef2bd0000 - 0x000007fef2bd9000 	C:\Windows\system32\SensApi.dll
0x000007fedec80000 - 0x000007fedeea5000 	C:\PROGRA~2\RAPTRI~1\PlaysTV\ltc_game64-111387.dll
0x000007fef1b20000 - 0x000007fef1c45000 	C:\Windows\system32\dbghelp.dll

VM Arguments:
jvm_args: -Dfile.encoding=UTF-8 
java_command: sistemasolar.SistemaSolar
java_class_path (initial): C:\Program Files\Java\Java3D\1.5.2\lib\ext\j3dcore.jar;C:\Program Files\Java\Java3D\1.5.2\lib\ext\j3dutils.jar;C:\Program Files\Java\Java3D\1.5.2\lib\ext\vecmath.jar;G:\Mis documentos\Grado Ingenieria Informatica 2ºB\Drive\Grado\TercerCurso\2Cuatrimestre\Sistemas Graficos\Practicas\Practica1\Parte2\SistemaSolar\build\classes
Launcher Type: SUN_STANDARD

Environment Variables:
JAVA_HOME=C:\Program Files\Java\jdk18045
PATH=C:\Program Files (x86)\PC Connectivity Solution\;C:\ProgramData\Oracle\Java\javapath;C:\Windows\system32;C:\Windows;C:\Windows\System32\Wbem;C:\Windows\System32\WindowsPowerShell\v1.0\;C:\Program Files (x86)\ATI Technologies\ATI.ACE\Core-Static;L:\Eclipse\Android\platform-tools;L:\Eclipse\Android\tools;L:\Eclipse\apache-ant-1.9.2\bin;L:\Eclipse\bin;C:\Program Files\doxygen\bin;C:\Program Files (x86)\Microsoft SQL Server\Client SDK\ODBC\110\Tools\Binn\;C:\Program Files (x86)\Microsoft SQL Server\120\Tools\Binn\ManagementStudio\;C:\Program Files (x86)\Microsoft SQL Server\120\Tools\Binn\;C:\Program Files (x86)\Microsoft SQL Server\120\DTS\Binn\;C:\Program Files (x86)\Windows Kits\8.1\Windows Performance Toolkit\;C:\Program Files (x86)\AMD\ATI.ACE\Core-Static;C:\Program Files\Microsoft SQL Server\120\Tools\Binn\;C:\Program Files\Microsoft SQL Server\Client SDK\ODBC\110\Tools\Binn\;C:\Program Files\Microsoft SQL Server\120\DTS\Binn\;L:\SQL Server 2014\OLEB\system;C:\Program Files (x86)\GtkSharp\2.12\bin;L:\Xamarin Full\GTK-SHARP\bin;C:\Program Files\nodejs\;L:\Android\android-sdk\platform-tools;L:\Android\android-sdk\tools;C:\depot_tools;L:\WindowsSDK10\Windows Performance Toolkit\;C:\Program Files (x86)\Microsoft SDKs\TypeScript\1.0\;C:\Program Files (x86)\GnuWin32\bin\;C:\Program Files\Common Files\Autodesk Shared\;C:\Program Files (x86)\Autodesk\Backburner\;C:\Program Files (x86)\Skype\Phone\;L:\Nmap;L:\Git\bin;C:\Users\NeN\AppData\Roaming\npm;C:\depot_tools;C:\Program Files (x86)\GnuWin32\bin\
USERNAME=NeN
OS=Windows_NT
PROCESSOR_IDENTIFIER=AMD64 Family 16 Model 4 Stepping 3, AuthenticAMD



---------------  S Y S T E M  ---------------

OS: Windows 7 , 64 bit Build 7601 (6.1.7601.19110)

CPU:total 4 (4 cores per cpu, 1 threads per core) family 16 model 4 stepping 3, cmov, cx8, fxsr, mmx, sse, sse2, sse3, popcnt, mmxext, 3dnowpref, lzcnt, sse4a, tsc, tscinvbit, tscinv

Memory: 4k page, physical 8348904k(1071780k free), swap 23707068k(12605296k free)

vm_info: Java HotSpot(TM) 64-Bit Server VM (25.45-b02) for windows-amd64 JRE (1.8.0_45-b15), built on Apr 30 2015 12:40:44 by "java_re" with MS VC++ 10.0 (VS2010)

time: Tue Apr 19 20:55:57 2016
elapsed time: 9 seconds (0d 0h 0m 9s)

